{
    "meta": {
        "version": "7.2.7",
        "timestamp": "2023-06-08T15:03:54.098772",
        "branch_coverage": false,
        "show_contexts": false
    },
    "files": {
        "src/__init__.py": {
            "executed_lines": [
                1
            ],
            "summary": {
                "covered_lines": 0,
                "num_statements": 0,
                "percent_covered": 100.0,
                "percent_covered_display": "100",
                "missing_lines": 0,
                "excluded_lines": 0
            },
            "missing_lines": [],
            "excluded_lines": []
        },
        "src/full_coverage.py": {
            "executed_lines": [
                1,
                2
            ],
            "summary": {
                "covered_lines": 2,
                "num_statements": 2,
                "percent_covered": 100.0,
                "percent_covered_display": "100",
                "missing_lines": 0,
                "excluded_lines": 0
            },
            "missing_lines": [],
            "excluded_lines": []
        },
        "src/partial_coverage.py": {
            "executed_lines": [
                1,
                2,
                4
            ],
            "summary": {
                "covered_lines": 3,
                "num_statements": 4,
                "percent_covered": 75.0,
                "percent_covered_display": "75",
                "missing_lines": 1,
                "excluded_lines": 0
            },
            "missing_lines": [
                5
            ],
            "excluded_lines": []
        },
        "src/tests/__init__.py": {
            "executed_lines": [
                1
            ],
            "summary": {
                "covered_lines": 0,
                "num_statements": 0,
                "percent_covered": 100.0,
                "percent_covered_display": "100",
                "missing_lines": 0,
                "excluded_lines": 0
            },
            "missing_lines": [],
            "excluded_lines": []
        },
        "src/tests/test_full_coverage.py": {
            "executed_lines": [
                1,
                3,
                4
            ],
            "summary": {
                "covered_lines": 3,
                "num_statements": 3,
                "percent_covered": 100.0,
                "percent_covered_display": "100",
                "missing_lines": 0,
                "excluded_lines": 0
            },
            "missing_lines": [],
            "excluded_lines": []
        },
        "src/tests/test_partial_coverage.py": {
            "executed_lines": [
                1,
                3,
                4
            ],
            "summary": {
                "covered_lines": 3,
                "num_statements": 3,
                "percent_covered": 100.0,
                "percent_covered_display": "100",
                "missing_lines": 0,
                "excluded_lines": 0
            },
            "missing_lines": [],
            "excluded_lines": []
        }
    },
    "totals": {
        "covered_lines": 11,
        "num_statements": 12,
        "percent_covered": 91.66666666666667,
        "percent_covered_display": "92",
        "missing_lines": 1,
        "excluded_lines": 0
    }
}
